<?xml version="1.0" ?>
<!DOCTYPE coverage SYSTEM "http://cobertura.sourceforge.net/xml/coverage-04.dtd">
<coverage lines-valid="591" lines-covered="455" line-rate="0.7698" branches-valid="168" branches-covered="112" branch-rate="0.6666" timestamp="1782887045742" complexity="0" version="0.1">
  <sources>
    <source>/home/runner/workspace/naar-noor</source>
  </sources>
  <packages>
    <package name="components.animated-background" line-rate="1" branch-rate="1">
      <classes>
        <class name="animated-background.component.ts" filename="src/app/components/animated-background/animated-background.component.ts" line-rate="1" branch-rate="1">
          <methods>
            <method name="(anonymous_0)" hits="2" signature="()V">
              <lines>
                <line number="11" hits="2"/>
              </lines>
            </method>
          </methods>
          <lines>
            <line number="1" hits="1" branch="false"/>
            <line number="2" hits="1" branch="false"/>
            <line number="11" hits="1" branch="false"/>
            <line number="12" hits="2" branch="false"/>
          </lines>
        </class>
      </classes>
    </package>
    <package name="components.auth-modal" line-rate="0.3493" branch-rate="0.16">
      <classes>
        <class name="auth-modal.component.ts" filename="src/app/components/auth-modal/auth-modal.component.ts" line-rate="0.3493" branch-rate="0.16">
          <methods>
            <method name="(anonymous_0)" hits="14" signature="()V">
              <lines>
                <line number="265" hits="14"/>
              </lines>
            </method>
            <method name="(anonymous_1)" hits="14" signature="()V">
              <lines>
                <line number="269" hits="14"/>
              </lines>
            </method>
            <method name="(anonymous_2)" hits="0" signature="()V">
              <lines>
                <line number="283" hits="0"/>
              </lines>
            </method>
            <method name="(anonymous_3)" hits="14" signature="()V">
              <lines>
                <line number="288" hits="14"/>
              </lines>
            </method>
            <method name="(anonymous_4)" hits="0" signature="()V">
              <lines>
                <line number="300" hits="0"/>
              </lines>
            </method>
            <method name="(anonymous_5)" hits="0" signature="()V">
              <lines>
                <line number="307" hits="0"/>
              </lines>
            </method>
            <method name="(anonymous_6)" hits="0" signature="()V">
              <lines>
                <line number="322" hits="0"/>
              </lines>
            </method>
            <method name="(anonymous_7)" hits="0" signature="()V">
              <lines>
                <line number="324" hits="0"/>
              </lines>
            </method>
            <method name="(anonymous_8)" hits="0" signature="()V">
              <lines>
                <line number="331" hits="0"/>
              </lines>
            </method>
            <method name="(anonymous_9)" hits="0" signature="()V">
              <lines>
                <line number="333" hits="0"/>
              </lines>
            </method>
            <method name="(anonymous_10)" hits="0" signature="()V">
              <lines>
                <line number="334" hits="0"/>
              </lines>
            </method>
            <method name="(anonymous_11)" hits="0" signature="()V">
              <lines>
                <line number="336" hits="0"/>
              </lines>
            </method>
            <method name="(anonymous_12)" hits="0" signature="()V">
              <lines>
                <line number="343" hits="0"/>
              </lines>
            </method>
            <method name="(anonymous_13)" hits="0" signature="()V">
              <lines>
                <line number="352" hits="0"/>
              </lines>
            </method>
            <method name="(anonymous_14)" hits="0" signature="()V">
              <lines>
                <line number="359" hits="0"/>
              </lines>
            </method>
            <method name="(anonymous_15)" hits="0" signature="()V">
              <lines>
                <line number="366" hits="0"/>
              </lines>
            </method>
            <method name="(anonymous_16)" hits="0" signature="()V">
              <lines>
                <line number="376" hits="0"/>
              </lines>
            </method>
            <method name="(anonymous_17)" hits="14" signature="()V">
              <lines>
                <line number="383" hits="14"/>
              </lines>
            </method>
            <method name="(anonymous_18)" hits="14" signature="()V">
              <lines>
                <line number="395" hits="14"/>
              </lines>
            </method>
          </methods>
          <lines>
            <line number="1" hits="1" branch="false"/>
            <line number="6" hits="1" branch="false"/>
            <line number="7" hits="1" branch="false"/>
            <line number="8" hits="1" branch="false"/>
            <line number="9" hits="1" branch="false"/>
            <line number="11" hits="1" branch="false"/>
            <line number="242" hits="1" branch="false"/>
            <line number="243" hits="14" branch="false"/>
            <line number="244" hits="14" branch="false"/>
            <line number="246" hits="14" branch="false"/>
            <line number="247" hits="14" branch="false"/>
            <line number="248" hits="14" branch="false"/>
            <line number="249" hits="14" branch="false"/>
            <line number="251" hits="14" branch="false"/>
            <line number="252" hits="14" branch="false"/>
            <line number="253" hits="14" branch="false"/>
            <line number="254" hits="14" branch="false"/>
            <line number="255" hits="14" branch="false"/>
            <line number="261" hits="14" branch="false"/>
            <line number="263" hits="14" branch="false"/>
            <line number="266" hits="14" branch="false"/>
            <line number="270" hits="14" branch="true" condition-coverage="100% (1/1)"/>
            <line number="271" hits="14" branch="true" condition-coverage="50% (1/2)"/>
            <line number="273" hits="0" branch="false"/>
            <line number="274" hits="0" branch="false"/>
            <line number="275" hits="0" branch="false"/>
            <line number="276" hits="0" branch="false"/>
            <line number="277" hits="0" branch="false"/>
            <line number="279" hits="0" branch="false"/>
            <line number="281" hits="14" branch="false"/>
            <line number="283" hits="14" branch="false"/>
            <line number="290" hits="14" branch="true" condition-coverage="33.33333333333333% (1/3)"/>
            <line number="291" hits="0" branch="false"/>
            <line number="292" hits="0" branch="true" condition-coverage="0% (0/1)"/>
            <line number="293" hits="0" branch="false"/>
            <line number="294" hits="0" branch="false"/>
            <line number="301" hits="0" branch="true" condition-coverage="0% (0/1)"/>
            <line number="302" hits="0" branch="true" condition-coverage="0% (0/1)"/>
            <line number="304" hits="0" branch="true" condition-coverage="0% (0/2)"/>
            <line number="306" hits="0" branch="false"/>
            <line number="307" hits="0" branch="false"/>
            <line number="309" hits="0" branch="true" condition-coverage="0% (0/1)"/>
            <line number="311" hits="0" branch="false"/>
            <line number="312" hits="0" branch="false"/>
            <line number="314" hits="0" branch="true" condition-coverage="0% (0/2)"/>
            <line number="315" hits="0" branch="true" condition-coverage="0% (0/1)"/>
            <line number="317" hits="0" branch="true" condition-coverage="0% (0/1)"/>
            <line number="322" hits="0" branch="true" condition-coverage="0% (0/1)"/>
            <line number="325" hits="0" branch="false"/>
            <line number="326" hits="0" branch="false"/>
            <line number="327" hits="0" branch="false"/>
            <line number="328" hits="0" branch="false"/>
            <line number="331" hits="0" branch="false"/>
            <line number="333" hits="0" branch="false"/>
            <line number="334" hits="0" branch="false"/>
            <line number="337" hits="0" branch="true" condition-coverage="0% (0/1)"/>
            <line number="338" hits="0" branch="false"/>
            <line number="339" hits="0" branch="false"/>
            <line number="340" hits="0" branch="false"/>
            <line number="342" hits="0" branch="false"/>
            <line number="344" hits="0" branch="false"/>
            <line number="345" hits="0" branch="true" condition-coverage="0% (0/2)"/>
            <line number="346" hits="0" branch="false"/>
            <line number="347" hits="0" branch="false"/>
            <line number="349" hits="0" branch="false"/>
            <line number="353" hits="0" branch="false"/>
            <line number="354" hits="0" branch="false"/>
            <line number="360" hits="0" branch="true" condition-coverage="0% (0/1)"/>
            <line number="361" hits="0" branch="false"/>
            <line number="362" hits="0" branch="false"/>
            <line number="363" hits="0" branch="false"/>
            <line number="365" hits="0" branch="false"/>
            <line number="367" hits="0" branch="false"/>
            <line number="368" hits="0" branch="true" condition-coverage="0% (0/2)"/>
            <line number="369" hits="0" branch="false"/>
            <line number="370" hits="0" branch="false"/>
            <line number="371" hits="0" branch="false"/>
            <line number="373" hits="0" branch="false"/>
            <line number="377" hits="0" branch="false"/>
            <line number="378" hits="0" branch="false"/>
            <line number="384" hits="14" branch="false"/>
            <line number="388" hits="14" branch="false"/>
            <line number="396" hits="14" branch="true" condition-coverage="50% (1/2)"/>
          </lines>
        </class>
      </classes>
    </package>
    <package name="components.cart-drawer" line-rate="0.8955" branch-rate="0.7894">
      <classes>
        <class name="cart-drawer.component.ts" filename="src/app/components/cart-drawer/cart-drawer.component.ts" line-rate="0.8955" branch-rate="0.7894">
          <methods>
            <method name="(anonymous_0)" hits="24" signature="()V">
              <lines>
                <line number="341" hits="24"/>
              </lines>
            </method>
            <method name="(anonymous_1)" hits="2" signature="()V">
              <lines>
                <line number="367" hits="2"/>
              </lines>
            </method>
            <method name="(anonymous_2)" hits="0" signature="()V">
              <lines>
                <line number="368" hits="0"/>
              </lines>
            </method>
            <method name="(anonymous_3)" hits="0" signature="()V">
              <lines>
                <line number="369" hits="0"/>
              </lines>
            </method>
            <method name="(anonymous_4)" hits="24" signature="()V">
              <lines>
                <line number="371" hits="24"/>
              </lines>
            </method>
            <method name="(anonymous_5)" hits="24" signature="()V">
              <lines>
                <line number="375" hits="24"/>
              </lines>
            </method>
            <method name="(anonymous_6)" hits="25" signature="()V">
              <lines>
                <line number="379" hits="25"/>
              </lines>
            </method>
            <method name="(anonymous_7)" hits="9" signature="()V">
              <lines>
                <line number="391" hits="9"/>
              </lines>
            </method>
            <method name="(anonymous_8)" hits="2" signature="()V">
              <lines>
                <line number="403" hits="2"/>
              </lines>
            </method>
            <method name="(anonymous_9)" hits="1" signature="()V">
              <lines>
                <line number="404" hits="1"/>
              </lines>
            </method>
            <method name="(anonymous_10)" hits="1" signature="()V">
              <lines>
                <line number="405" hits="1"/>
              </lines>
            </method>
            <method name="(anonymous_11)" hits="0" signature="()V">
              <lines>
                <line number="406" hits="0"/>
              </lines>
            </method>
            <method name="(anonymous_12)" hits="1" signature="()V">
              <lines>
                <line number="408" hits="1"/>
              </lines>
            </method>
            <method name="(anonymous_13)" hits="2" signature="()V">
              <lines>
                <line number="413" hits="2"/>
              </lines>
            </method>
            <method name="(anonymous_14)" hits="1" signature="()V">
              <lines>
                <line number="414" hits="1"/>
              </lines>
            </method>
            <method name="(anonymous_15)" hits="1" signature="()V">
              <lines>
                <line number="416" hits="1"/>
              </lines>
            </method>
            <method name="(anonymous_16)" hits="0" signature="()V">
              <lines>
                <line number="418" hits="0"/>
              </lines>
            </method>
            <method name="(anonymous_17)" hits="1" signature="()V">
              <lines>
                <line number="427" hits="1"/>
              </lines>
            </method>
            <method name="(anonymous_18)" hits="5" signature="()V">
              <lines>
                <line number="433" hits="5"/>
              </lines>
            </method>
            <method name="(anonymous_19)" hits="3" signature="()V">
              <lines>
                <line number="449" hits="3"/>
              </lines>
            </method>
            <method name="(anonymous_20)" hits="3" signature="()V">
              <lines>
                <line number="456" hits="3"/>
              </lines>
            </method>
            <method name="(anonymous_21)" hits="1" signature="()V">
              <lines>
                <line number="463" hits="1"/>
              </lines>
            </method>
          </methods>
          <lines>
            <line number="1" hits="1" branch="false"/>
            <line number="4" hits="1" branch="false"/>
            <line number="5" hits="1" branch="false"/>
            <line number="6" hits="1" branch="false"/>
            <line number="8" hits="1" branch="false"/>
            <line number="9" hits="1" branch="false"/>
            <line number="10" hits="1" branch="false"/>
            <line number="341" hits="1" branch="false"/>
            <line number="342" hits="24" branch="false"/>
            <line number="343" hits="24" branch="false"/>
            <line number="344" hits="24" branch="false"/>
            <line number="345" hits="24" branch="false"/>
            <line number="346" hits="24" branch="false"/>
            <line number="348" hits="24" branch="false"/>
            <line number="350" hits="24" branch="false"/>
            <line number="351" hits="24" branch="false"/>
            <line number="355" hits="24" branch="false"/>
            <line number="361" hits="24" branch="false"/>
            <line number="367" hits="2" branch="false"/>
            <line number="368" hits="0" branch="false"/>
            <line number="369" hits="0" branch="false"/>
            <line number="372" hits="24" branch="false"/>
            <line number="376" hits="24" branch="false"/>
            <line number="380" hits="25" branch="false"/>
            <line number="381" hits="25" branch="false"/>
            <line number="391" hits="25" branch="false"/>
            <line number="392" hits="9" branch="false"/>
            <line number="393" hits="9" branch="false"/>
            <line number="394" hits="9" branch="false"/>
            <line number="395" hits="9" branch="false"/>
            <line number="396" hits="9" branch="true" condition-coverage="100% (1/1)"/>
            <line number="397" hits="9" branch="true" condition-coverage="100% (1/1)"/>
            <line number="398" hits="9" branch="false"/>
            <line number="399" hits="9" branch="false"/>
            <line number="403" hits="2" branch="true" condition-coverage="50% (1/2)"/>
            <line number="404" hits="1" branch="false"/>
            <line number="405" hits="1" branch="false"/>
            <line number="406" hits="0" branch="false"/>
            <line number="409" hits="1" branch="false"/>
            <line number="410" hits="1" branch="true" condition-coverage="100% (3/3)"/>
            <line number="413" hits="2" branch="false"/>
            <line number="414" hits="1" branch="false"/>
            <line number="417" hits="1" branch="false"/>
            <line number="418" hits="1" branch="false"/>
            <line number="419" hits="0" branch="true" condition-coverage="0% (0/1)"/>
            <line number="420" hits="0" branch="false"/>
            <line number="421" hits="0" branch="false"/>
            <line number="422" hits="0" branch="false"/>
            <line number="428" hits="1" branch="false"/>
            <line number="429" hits="1" branch="false"/>
            <line number="430" hits="1" branch="false"/>
            <line number="434" hits="5" branch="true" condition-coverage="100% (1/1)"/>
            <line number="435" hits="1" branch="false"/>
            <line number="436" hits="1" branch="false"/>
            <line number="438" hits="4" branch="false"/>
            <line number="439" hits="4" branch="false"/>
            <line number="441" hits="4" branch="false"/>
            <line number="449" hits="3" branch="false"/>
            <line number="457" hits="3" branch="false"/>
            <line number="458" hits="3" branch="true" condition-coverage="50% (1/2)"/>
            <line number="459" hits="3" branch="false"/>
            <line number="460" hits="3" branch="false"/>
            <line number="461" hits="3" branch="false"/>
            <line number="464" hits="1" branch="false"/>
            <line number="465" hits="1" branch="true" condition-coverage="50% (1/2)"/>
            <line number="468" hits="1" branch="false"/>
            <line number="469" hits="1" branch="false"/>
          </lines>
        </class>
      </classes>
    </package>
    <package name="components.custom-calendar" line-rate="1" branch-rate="1">
      <classes>
        <class name="custom-calendar.component.ts" filename="src/app/components/custom-calendar/custom-calendar.component.ts" line-rate="1" branch-rate="1">
          <methods>
            <method name="(anonymous_0)" hits="29" signature="()V">
              <lines>
                <line number="29" hits="29"/>
              </lines>
            </method>
            <method name="(anonymous_1)" hits="29" signature="()V">
              <lines>
                <line number="31" hits="29"/>
              </lines>
            </method>
            <method name="(anonymous_2)" hits="4" signature="()V">
              <lines>
                <line number="35" hits="4"/>
              </lines>
            </method>
            <method name="(anonymous_3)" hits="30" signature="()V">
              <lines>
                <line number="42" hits="30"/>
              </lines>
            </method>
            <method name="(anonymous_4)" hits="4" signature="()V">
              <lines>
                <line number="48" hits="4"/>
              </lines>
            </method>
            <method name="(anonymous_5)" hits="36" signature="()V">
              <lines>
                <line number="56" hits="36"/>
              </lines>
            </method>
            <method name="(anonymous_6)" hits="1" signature="()V">
              <lines>
                <line number="92" hits="1"/>
              </lines>
            </method>
            <method name="(anonymous_7)" hits="1" signature="()V">
              <lines>
                <line number="101" hits="1"/>
              </lines>
            </method>
            <method name="(anonymous_8)" hits="5" signature="()V">
              <lines>
                <line number="110" hits="5"/>
              </lines>
            </method>
            <method name="(anonymous_9)" hits="1" signature="()V">
              <lines>
                <line number="118" hits="1"/>
              </lines>
            </method>
            <method name="(anonymous_10)" hits="3" signature="()V">
              <lines>
                <line number="123" hits="3"/>
              </lines>
            </method>
            <method name="(anonymous_11)" hits="3" signature="()V">
              <lines>
                <line number="128" hits="3"/>
              </lines>
            </method>
            <method name="(anonymous_12)" hits="7" signature="()V">
              <lines>
                <line number="134" hits="7"/>
              </lines>
            </method>
            <method name="(anonymous_13)" hits="60" signature="()V">
              <lines>
                <line number="141" hits="60"/>
              </lines>
            </method>
          </methods>
          <lines>
            <line number="1" hits="1" branch="false"/>
            <line number="2" hits="1" branch="false"/>
            <line number="3" hits="1" branch="false"/>
            <line number="14" hits="1" branch="false"/>
            <line number="15" hits="29" branch="false"/>
            <line number="16" hits="29" branch="false"/>
            <line number="18" hits="29" branch="false"/>
            <line number="19" hits="29" branch="false"/>
            <line number="21" hits="29" branch="false"/>
            <line number="22" hits="29" branch="false"/>
            <line number="24" hits="29" branch="false"/>
            <line number="27" hits="29" branch="false"/>
            <line number="29" hits="29" branch="false"/>
            <line number="32" hits="29" branch="false"/>
            <line number="35" hits="29" branch="false"/>
            <line number="36" hits="4" branch="true" condition-coverage="100% (1/1)"/>
            <line number="37" hits="1" branch="false"/>
            <line number="43" hits="30" branch="true" condition-coverage="100% (1/1)"/>
            <line number="44" hits="30" branch="false"/>
            <line number="49" hits="4" branch="false"/>
            <line number="50" hits="4" branch="true" condition-coverage="100% (1/1)"/>
            <line number="51" hits="3" branch="false"/>
            <line number="52" hits="3" branch="false"/>
            <line number="57" hits="36" branch="false"/>
            <line number="58" hits="36" branch="false"/>
            <line number="60" hits="36" branch="false"/>
            <line number="61" hits="36" branch="false"/>
            <line number="62" hits="36" branch="false"/>
            <line number="63" hits="36" branch="false"/>
            <line number="65" hits="36" branch="false"/>
            <line number="66" hits="36" branch="false"/>
            <line number="69" hits="36" branch="false"/>
            <line number="70" hits="107" branch="false"/>
            <line number="74" hits="36" branch="false"/>
            <line number="75" hits="1115" branch="false"/>
            <line number="77" hits="1115" branch="true" condition-coverage="100% (1/1)"/>
            <line number="78" hits="145" branch="false"/>
            <line number="79" hits="145" branch="false"/>
            <line number="84" hits="36" branch="true" condition-coverage="100% (1/1)"/>
            <line number="85" hits="36" branch="false"/>
            <line number="86" hits="45" branch="false"/>
            <line number="88" hits="36" branch="false"/>
            <line number="93" hits="1" branch="false"/>
            <line number="98" hits="1" branch="false"/>
            <line number="102" hits="1" branch="false"/>
            <line number="107" hits="1" branch="false"/>
            <line number="111" hits="5" branch="true" condition-coverage="100% (3/3)"/>
            <line number="112" hits="3" branch="false"/>
            <line number="113" hits="3" branch="false"/>
            <line number="114" hits="3" branch="false"/>
            <line number="119" hits="1" branch="false"/>
            <line number="120" hits="1" branch="false"/>
            <line number="124" hits="3" branch="true" condition-coverage="100% (3/3)"/>
            <line number="125" hits="1" branch="false"/>
            <line number="129" hits="3" branch="true" condition-coverage="100% (1/1)"/>
            <line number="130" hits="2" branch="false"/>
            <line number="131" hits="2" branch="false"/>
            <line number="135" hits="7" branch="true" condition-coverage="100% (1/1)"/>
            <line number="136" hits="6" branch="false"/>
            <line number="137" hits="6" branch="false"/>
            <line number="138" hits="6" branch="false"/>
            <line number="142" hits="60" branch="true" condition-coverage="100% (1/1)"/>
            <line number="143" hits="1" branch="false"/>
            <line number="149" hits="1" branch="false"/>
          </lines>
        </class>
      </classes>
    </package>
    <package name="components.custom-dropdown" line-rate="1" branch-rate="1">
      <classes>
        <class name="custom-dropdown.component.ts" filename="src/app/components/custom-dropdown/custom-dropdown.component.ts" line-rate="1" branch-rate="1">
          <methods>
            <method name="(anonymous_0)" hits="11" signature="()V">
              <lines>
                <line number="25" hits="11"/>
              </lines>
            </method>
            <method name="(anonymous_1)" hits="11" signature="()V">
              <lines>
                <line number="27" hits="11"/>
              </lines>
            </method>
            <method name="(anonymous_2)" hits="5" signature="()V">
              <lines>
                <line number="29" hits="5"/>
              </lines>
            </method>
            <method name="(anonymous_3)" hits="12" signature="()V">
              <lines>
                <line number="36" hits="12"/>
              </lines>
            </method>
            <method name="(anonymous_4)" hits="5" signature="()V">
              <lines>
                <line number="42" hits="5"/>
              </lines>
            </method>
            <method name="(anonymous_5)" hits="3" signature="()V">
              <lines>
                <line number="49" hits="3"/>
              </lines>
            </method>
            <method name="(anonymous_6)" hits="24" signature="()V">
              <lines>
                <line number="55" hits="24"/>
              </lines>
            </method>
          </methods>
          <lines>
            <line number="1" hits="1" branch="false"/>
            <line number="2" hits="1" branch="false"/>
            <line number="3" hits="1" branch="false"/>
            <line number="14" hits="1" branch="false"/>
            <line number="15" hits="11" branch="false"/>
            <line number="16" hits="11" branch="false"/>
            <line number="17" hits="11" branch="false"/>
            <line number="18" hits="11" branch="false"/>
            <line number="19" hits="11" branch="false"/>
            <line number="21" hits="11" branch="false"/>
            <line number="22" hits="11" branch="false"/>
            <line number="25" hits="11" branch="false"/>
            <line number="29" hits="11" branch="false"/>
            <line number="30" hits="5" branch="true" condition-coverage="100% (1/1)"/>
            <line number="31" hits="1" branch="false"/>
            <line number="37" hits="12" branch="true" condition-coverage="100% (1/1)"/>
            <line number="38" hits="12" branch="false"/>
            <line number="43" hits="5" branch="false"/>
            <line number="44" hits="5" branch="true" condition-coverage="100% (1/1)"/>
            <line number="45" hits="4" branch="false"/>
            <line number="50" hits="3" branch="false"/>
            <line number="51" hits="3" branch="false"/>
            <line number="52" hits="3" branch="false"/>
            <line number="56" hits="24" branch="true" condition-coverage="100% (2/2)"/>
          </lines>
        </class>
      </classes>
    </package>
    <package name="components.footer" line-rate="1" branch-rate="1">
      <classes>
        <class name="footer.component.ts" filename="src/app/components/footer/footer.component.ts" line-rate="1" branch-rate="1">
          <methods>
            <method name="(anonymous_0)" hits="3" signature="()V">
              <lines>
                <line number="13" hits="3"/>
              </lines>
            </method>
          </methods>
          <lines>
            <line number="1" hits="1" branch="false"/>
            <line number="2" hits="1" branch="false"/>
            <line number="3" hits="1" branch="false"/>
            <line number="13" hits="1" branch="false"/>
            <line number="14" hits="3" branch="false"/>
          </lines>
        </class>
      </classes>
    </package>
    <package name="components.header" line-rate="0.8965000000000001" branch-rate="0.75">
      <classes>
        <class name="header.component.ts" filename="src/app/components/header/header.component.ts" line-rate="0.8965000000000001" branch-rate="0.75">
          <methods>
            <method name="(anonymous_0)" hits="14" signature="()V">
              <lines>
                <line number="17" hits="14"/>
              </lines>
            </method>
            <method name="(anonymous_1)" hits="1" signature="()V">
              <lines>
                <line number="27" hits="1"/>
              </lines>
            </method>
            <method name="(anonymous_2)" hits="4" signature="()V">
              <lines>
                <line number="32" hits="4"/>
              </lines>
            </method>
            <method name="(anonymous_3)" hits="3" signature="()V">
              <lines>
                <line number="37" hits="3"/>
              </lines>
            </method>
            <method name="(anonymous_4)" hits="3" signature="()V">
              <lines>
                <line number="38" hits="3"/>
              </lines>
            </method>
            <method name="(anonymous_5)" hits="3" signature="()V">
              <lines>
                <line number="41" hits="3"/>
              </lines>
            </method>
            <method name="(anonymous_6)" hits="1" signature="()V">
              <lines>
                <line number="47" hits="1"/>
              </lines>
            </method>
            <method name="(anonymous_7)" hits="0" signature="()V">
              <lines>
                <line number="51" hits="0"/>
              </lines>
            </method>
            <method name="(anonymous_8)" hits="1" signature="()V">
              <lines>
                <line number="59" hits="1"/>
              </lines>
            </method>
          </methods>
          <lines>
            <line number="1" hits="1" branch="false"/>
            <line number="2" hits="1" branch="false"/>
            <line number="3" hits="1" branch="false"/>
            <line number="4" hits="1" branch="false"/>
            <line number="5" hits="1" branch="false"/>
            <line number="6" hits="1" branch="false"/>
            <line number="7" hits="1" branch="false"/>
            <line number="17" hits="1" branch="false"/>
            <line number="18" hits="14" branch="false"/>
            <line number="19" hits="14" branch="false"/>
            <line number="20" hits="14" branch="false"/>
            <line number="22" hits="14" branch="false"/>
            <line number="23" hits="14" branch="false"/>
            <line number="24" hits="14" branch="false"/>
            <line number="25" hits="14" branch="false"/>
            <line number="28" hits="1" branch="false"/>
            <line number="29" hits="1" branch="true" condition-coverage="50% (1/2)"/>
            <line number="33" hits="4" branch="false"/>
            <line number="34" hits="4" branch="true" condition-coverage="100% (1/1)"/>
            <line number="38" hits="3" branch="false"/>
            <line number="42" hits="3" branch="false"/>
            <line number="43" hits="3" branch="false"/>
            <line number="44" hits="3" branch="false"/>
            <line number="48" hits="1" branch="false"/>
            <line number="52" hits="0" branch="false"/>
            <line number="53" hits="0" branch="false"/>
            <line number="54" hits="0" branch="false"/>
            <line number="60" hits="1" branch="true" condition-coverage="100% (1/1)"/>
            <line number="61" hits="1" branch="false"/>
          </lines>
        </class>
      </classes>
    </package>
    <package name="components.language-toggle" line-rate="0" branch-rate="0">
      <classes>
        <class name="language-toggle.component.ts" filename="src/app/components/language-toggle/language-toggle.component.ts" line-rate="0" branch-rate="0">
          <methods>
            <method name="(anonymous_0)" hits="0" signature="()V">
              <lines>
                <line number="61" hits="0"/>
              </lines>
            </method>
            <method name="(anonymous_1)" hits="0" signature="()V">
              <lines>
                <line number="63" hits="0"/>
              </lines>
            </method>
            <method name="(anonymous_2)" hits="0" signature="()V">
              <lines>
                <line number="65" hits="0"/>
              </lines>
            </method>
            <method name="(anonymous_3)" hits="0" signature="()V">
              <lines>
                <line number="73" hits="0"/>
              </lines>
            </method>
            <method name="(anonymous_4)" hits="0" signature="()V">
              <lines>
                <line number="80" hits="0"/>
              </lines>
            </method>
          </methods>
          <lines>
            <line number="1" hits="0" branch="false"/>
            <line number="2" hits="0" branch="false"/>
            <line number="3" hits="0" branch="false"/>
            <line number="58" hits="0" branch="false"/>
            <line number="59" hits="0" branch="false"/>
            <line number="61" hits="0" branch="false"/>
            <line number="65" hits="0" branch="false"/>
            <line number="66" hits="0" branch="false"/>
            <line number="74" hits="0" branch="false"/>
            <line number="81" hits="0" branch="true" condition-coverage="0% (0/2)"/>
          </lines>
        </class>
      </classes>
    </package>
    <package name="components.toast" line-rate="1" branch-rate="1">
      <classes>
        <class name="toast.component.ts" filename="src/app/components/toast/toast.component.ts" line-rate="1" branch-rate="1">
          <methods>
            <method name="(anonymous_0)" hits="12" signature="()V">
              <lines>
                <line number="108" hits="12"/>
              </lines>
            </method>
            <method name="(anonymous_1)" hits="28" signature="()V">
              <lines>
                <line number="111" hits="28"/>
              </lines>
            </method>
            <method name="(anonymous_2)" hits="11" signature="()V">
              <lines>
                <line number="111" hits="11"/>
              </lines>
            </method>
            <method name="(anonymous_3)" hits="28" signature="()V">
              <lines>
                <line number="112" hits="28"/>
              </lines>
            </method>
            <method name="(anonymous_4)" hits="12" signature="()V">
              <lines>
                <line number="112" hits="12"/>
              </lines>
            </method>
            <method name="(anonymous_5)" hits="5" signature="()V">
              <lines>
                <line number="114" hits="5"/>
              </lines>
            </method>
            <method name="(anonymous_6)" hits="10" signature="()V">
              <lines>
                <line number="116" hits="10"/>
              </lines>
            </method>
            <method name="(anonymous_7)" hits="1" signature="()V">
              <lines>
                <line number="125" hits="1"/>
              </lines>
            </method>
          </methods>
          <lines>
            <line number="1" hits="1" branch="false"/>
            <line number="2" hits="1" branch="false"/>
            <line number="3" hits="1" branch="false"/>
            <line number="4" hits="1" branch="false"/>
            <line number="108" hits="1" branch="false"/>
            <line number="109" hits="12" branch="false"/>
            <line number="111" hits="28" branch="false"/>
            <line number="112" hits="28" branch="false"/>
            <line number="114" hits="5" branch="false"/>
            <line number="117" hits="10" branch="false"/>
            <line number="122" hits="10" branch="true" condition-coverage="100% (2/2)"/>
            <line number="125" hits="1" branch="false"/>
          </lines>
        </class>
      </classes>
    </package>
    <package name="services" line-rate="0.7883" branch-rate="0.7112999999999999">
      <classes>
        <class name="api.service.ts" filename="src/app/services/api.service.ts" line-rate="0.6969" branch-rate="0.75">
          <methods>
            <method name="(anonymous_0)" hits="33" signature="()V">
              <lines>
                <line number="35" hits="33"/>
              </lines>
            </method>
            <method name="(anonymous_1)" hits="4" signature="()V">
              <lines>
                <line number="57" hits="4"/>
              </lines>
            </method>
            <method name="(anonymous_2)" hits="4" signature="()V">
              <lines>
                <line number="63" hits="4"/>
              </lines>
            </method>
            <method name="(anonymous_3)" hits="4" signature="()V">
              <lines>
                <line number="68" hits="4"/>
              </lines>
            </method>
            <method name="(anonymous_4)" hits="2" signature="()V">
              <lines>
                <line number="68" hits="2"/>
              </lines>
            </method>
            <method name="(anonymous_5)" hits="0" signature="()V">
              <lines>
                <line number="72" hits="0"/>
              </lines>
            </method>
            <method name="(anonymous_6)" hits="0" signature="()V">
              <lines>
                <line number="75" hits="0"/>
              </lines>
            </method>
            <method name="(anonymous_7)" hits="2" signature="()V">
              <lines>
                <line number="82" hits="2"/>
              </lines>
            </method>
            <method name="(anonymous_8)" hits="2" signature="()V">
              <lines>
                <line number="84" hits="2"/>
              </lines>
            </method>
            <method name="(anonymous_9)" hits="2" signature="()V">
              <lines>
                <line number="84" hits="2"/>
              </lines>
            </method>
            <method name="(anonymous_10)" hits="0" signature="()V">
              <lines>
                <line number="88" hits="0"/>
              </lines>
            </method>
            <method name="(anonymous_11)" hits="2" signature="()V">
              <lines>
                <line number="92" hits="2"/>
              </lines>
            </method>
            <method name="(anonymous_12)" hits="0" signature="()V">
              <lines>
                <line number="94" hits="0"/>
              </lines>
            </method>
            <method name="(anonymous_13)" hits="1" signature="()V">
              <lines>
                <line number="98" hits="1"/>
              </lines>
            </method>
            <method name="(anonymous_14)" hits="0" signature="()V">
              <lines>
                <line number="100" hits="0"/>
              </lines>
            </method>
            <method name="(anonymous_15)" hits="1" signature="()V">
              <lines>
                <line number="104" hits="1"/>
              </lines>
            </method>
            <method name="(anonymous_16)" hits="0" signature="()V">
              <lines>
                <line number="106" hits="0"/>
              </lines>
            </method>
            <method name="(anonymous_17)" hits="1" signature="()V">
              <lines>
                <line number="110" hits="1"/>
              </lines>
            </method>
            <method name="(anonymous_18)" hits="0" signature="()V">
              <lines>
                <line number="112" hits="0"/>
              </lines>
            </method>
            <method name="(anonymous_19)" hits="0" signature="()V">
              <lines>
                <line number="116" hits="0"/>
              </lines>
            </method>
          </methods>
          <lines>
            <line number="1" hits="2" branch="false"/>
            <line number="2" hits="2" branch="false"/>
            <line number="3" hits="2" branch="false"/>
            <line number="4" hits="2" branch="false"/>
            <line number="5" hits="2" branch="false"/>
            <line number="35" hits="2" branch="false"/>
            <line number="36" hits="33" branch="false"/>
            <line number="37" hits="33" branch="false"/>
            <line number="40" hits="33" branch="false"/>
            <line number="48" hits="33" branch="false"/>
            <line number="52" hits="33" branch="false"/>
            <line number="58" hits="4" branch="true" condition-coverage="100% (1/1)"/>
            <line number="59" hits="1" branch="true" condition-coverage="75% (3/4)"/>
            <line number="60" hits="1" branch="false"/>
            <line number="64" hits="4" branch="true" condition-coverage="100% (2/2)"/>
            <line number="67" hits="4" branch="false"/>
            <line number="68" hits="4" branch="false"/>
            <line number="73" hits="0" branch="false"/>
            <line number="74" hits="0" branch="true" condition-coverage="0% (0/1)"/>
            <line number="75" hits="0" branch="false"/>
            <line number="77" hits="0" branch="false"/>
            <line number="83" hits="2" branch="false"/>
            <line number="84" hits="2" branch="false"/>
            <line number="88" hits="0" branch="false"/>
            <line number="93" hits="2" branch="false"/>
            <line number="94" hits="0" branch="false"/>
            <line number="99" hits="1" branch="false"/>
            <line number="100" hits="0" branch="false"/>
            <line number="105" hits="1" branch="false"/>
            <line number="106" hits="0" branch="false"/>
            <line number="111" hits="1" branch="false"/>
            <line number="112" hits="0" branch="false"/>
            <line number="117" hits="0" branch="false"/>
          </lines>
        </class>
        <class name="auth.service.ts" filename="src/app/services/auth.service.ts" line-rate="0.9245" branch-rate="0.7692">
          <methods>
            <method name="(anonymous_0)" hits="28" signature="()V">
              <lines>
                <line number="10" hits="28"/>
              </lines>
            </method>
            <method name="(anonymous_1)" hits="19" signature="()V">
              <lines>
                <line number="17" hits="19"/>
              </lines>
            </method>
            <method name="(anonymous_2)" hits="1" signature="()V">
              <lines>
                <line number="18" hits="1"/>
              </lines>
            </method>
            <method name="(anonymous_3)" hits="3" signature="()V">
              <lines>
                <line number="19" hits="3"/>
              </lines>
            </method>
            <method name="(anonymous_4)" hits="5" signature="()V">
              <lines>
                <line number="26" hits="5"/>
              </lines>
            </method>
            <method name="(anonymous_5)" hits="4" signature="()V">
              <lines>
                <line number="30" hits="4"/>
              </lines>
            </method>
            <method name="(anonymous_6)" hits="4" signature="()V">
              <lines>
                <line number="41" hits="4"/>
              </lines>
            </method>
            <method name="(anonymous_7)" hits="1" signature="()V">
              <lines>
                <line number="42" hits="1"/>
              </lines>
            </method>
            <method name="(anonymous_8)" hits="2" signature="()V">
              <lines>
                <line number="47" hits="2"/>
              </lines>
            </method>
            <method name="(anonymous_9)" hits="1" signature="()V">
              <lines>
                <line number="51" hits="1"/>
              </lines>
            </method>
            <method name="(anonymous_10)" hits="1" signature="()V">
              <lines>
                <line number="52" hits="1"/>
              </lines>
            </method>
            <method name="(anonymous_11)" hits="2" signature="()V">
              <lines>
                <line number="57" hits="2"/>
              </lines>
            </method>
            <method name="(anonymous_12)" hits="0" signature="()V">
              <lines>
                <line number="63" hits="0"/>
              </lines>
            </method>
            <method name="(anonymous_13)" hits="2" signature="()V">
              <lines>
                <line number="71" hits="2"/>
              </lines>
            </method>
            <method name="(anonymous_14)" hits="1" signature="()V">
              <lines>
                <line number="75" hits="1"/>
              </lines>
            </method>
            <method name="(anonymous_15)" hits="1" signature="()V">
              <lines>
                <line number="76" hits="1"/>
              </lines>
            </method>
            <method name="(anonymous_16)" hits="5" signature="()V">
              <lines>
                <line number="81" hits="5"/>
              </lines>
            </method>
            <method name="(anonymous_17)" hits="2" signature="()V">
              <lines>
                <line number="86" hits="2"/>
              </lines>
            </method>
            <method name="(anonymous_18)" hits="1" signature="()V">
              <lines>
                <line number="95" hits="1"/>
              </lines>
            </method>
            <method name="(anonymous_19)" hits="1" signature="()V">
              <lines>
                <line number="103" hits="1"/>
              </lines>
            </method>
            <method name="(anonymous_20)" hits="0" signature="()V">
              <lines>
                <line number="104" hits="0"/>
              </lines>
            </method>
            <method name="(anonymous_21)" hits="28" signature="()V">
              <lines>
                <line number="112" hits="28"/>
              </lines>
            </method>
            <method name="(anonymous_22)" hits="5" signature="()V">
              <lines>
                <line number="121" hits="5"/>
              </lines>
            </method>
            <method name="(anonymous_23)" hits="2" signature="()V">
              <lines>
                <line number="125" hits="2"/>
              </lines>
            </method>
            <method name="(anonymous_24)" hits="4" signature="()V">
              <lines>
                <line number="129" hits="4"/>
              </lines>
            </method>
          </methods>
          <lines>
            <line number="1" hits="2" branch="false"/>
            <line number="2" hits="2" branch="false"/>
            <line number="3" hits="2" branch="false"/>
            <line number="4" hits="2" branch="false"/>
            <line number="7" hits="2" branch="false"/>
            <line number="10" hits="2" branch="false"/>
            <line number="11" hits="28" branch="false"/>
            <line number="12" hits="28" branch="false"/>
            <line number="15" hits="28" branch="false"/>
            <line number="17" hits="28" branch="false"/>
            <line number="18" hits="28" branch="false"/>
            <line number="19" hits="28" branch="true" condition-coverage="100% (2/2)"/>
            <line number="27" hits="5" branch="false"/>
            <line number="32" hits="4" branch="false"/>
            <line number="33" hits="4" branch="false"/>
            <line number="38" hits="4" branch="false"/>
            <line number="39" hits="4" branch="false"/>
            <line number="41" hits="4" branch="false"/>
            <line number="42" hits="1" branch="false"/>
            <line number="48" hits="2" branch="false"/>
            <line number="51" hits="1" branch="false"/>
            <line number="52" hits="1" branch="false"/>
            <line number="58" hits="2" branch="false"/>
            <line number="59" hits="2" branch="true" condition-coverage="100% (1/1)"/>
            <line number="61" hits="1" branch="false"/>
            <line number="63" hits="0" branch="false"/>
            <line number="66" hits="2" branch="false"/>
            <line number="67" hits="2" branch="false"/>
            <line number="72" hits="2" branch="false"/>
            <line number="75" hits="1" branch="false"/>
            <line number="76" hits="1" branch="false"/>
            <line number="82" hits="5" branch="true" condition-coverage="100% (2/2)"/>
            <line number="87" hits="2" branch="false"/>
            <line number="88" hits="2" branch="true" condition-coverage="100% (1/1)"/>
            <line number="90" hits="1" branch="false"/>
            <line number="96" hits="1" branch="false"/>
            <line number="97" hits="1" branch="true" condition-coverage="100% (1/1)"/>
            <line number="98" hits="1" branch="false"/>
            <line number="99" hits="1" branch="false"/>
            <line number="100" hits="1" branch="false"/>
            <line number="103" hits="1" branch="false"/>
            <line number="104" hits="0" branch="false"/>
            <line number="113" hits="28" branch="false"/>
            <line number="114" hits="28" branch="false"/>
            <line number="115" hits="28" branch="true" condition-coverage="50% (1/2)"/>
            <line number="117" hits="0" branch="false"/>
            <line number="122" hits="5" branch="false"/>
            <line number="126" hits="2" branch="false"/>
            <line number="130" hits="4" branch="false"/>
            <line number="131" hits="4" branch="false"/>
            <line number="132" hits="4" branch="false"/>
            <line number="133" hits="4" branch="false"/>
            <line number="135" hits="0" branch="false"/>
          </lines>
        </class>
        <class name="cart.service.ts" filename="src/app/services/cart.service.ts" line-rate="0.8437" branch-rate="0.5">
          <methods>
            <method name="(anonymous_0)" hits="53" signature="()V">
              <lines>
                <line number="8" hits="53"/>
              </lines>
            </method>
            <method name="(anonymous_1)" hits="28" signature="()V">
              <lines>
                <line number="12" hits="28"/>
              </lines>
            </method>
            <method name="(anonymous_2)" hits="14" signature="()V">
              <lines>
                <line number="12" hits="14"/>
              </lines>
            </method>
            <method name="(anonymous_3)" hits="10" signature="()V">
              <lines>
                <line number="13" hits="10"/>
              </lines>
            </method>
            <method name="(anonymous_4)" hits="12" signature="()V">
              <lines>
                <line number="13" hits="12"/>
              </lines>
            </method>
            <method name="(anonymous_5)" hits="7" signature="()V">
              <lines>
                <line number="14" hits="7"/>
              </lines>
            </method>
            <method name="(anonymous_6)" hits="4" signature="()V">
              <lines>
                <line number="16" hits="4"/>
              </lines>
            </method>
            <method name="(anonymous_7)" hits="3" signature="()V">
              <lines>
                <line number="17" hits="3"/>
              </lines>
            </method>
            <method name="(anonymous_8)" hits="2" signature="()V">
              <lines>
                <line number="18" hits="2"/>
              </lines>
            </method>
            <method name="(anonymous_9)" hits="2" signature="()V">
              <lines>
                <line number="18" hits="2"/>
              </lines>
            </method>
            <method name="(anonymous_10)" hits="33" signature="()V">
              <lines>
                <line number="20" hits="33"/>
              </lines>
            </method>
            <method name="(anonymous_11)" hits="33" signature="()V">
              <lines>
                <line number="21" hits="33"/>
              </lines>
            </method>
            <method name="(anonymous_12)" hits="15" signature="()V">
              <lines>
                <line number="22" hits="15"/>
              </lines>
            </method>
            <method name="(anonymous_13)" hits="10" signature="()V">
              <lines>
                <line number="24" hits="10"/>
              </lines>
            </method>
            <method name="(anonymous_14)" hits="2" signature="()V">
              <lines>
                <line number="33" hits="2"/>
              </lines>
            </method>
            <method name="(anonymous_15)" hits="2" signature="()V">
              <lines>
                <line number="34" hits="2"/>
              </lines>
            </method>
            <method name="(anonymous_16)" hits="2" signature="()V">
              <lines>
                <line number="35" hits="2"/>
              </lines>
            </method>
            <method name="(anonymous_17)" hits="2" signature="()V">
              <lines>
                <line number="39" hits="2"/>
              </lines>
            </method>
            <method name="(anonymous_18)" hits="2" signature="()V">
              <lines>
                <line number="40" hits="2"/>
              </lines>
            </method>
            <method name="(anonymous_19)" hits="2" signature="()V">
              <lines>
                <line number="41" hits="2"/>
              </lines>
            </method>
            <method name="(anonymous_20)" hits="1" signature="()V">
              <lines>
                <line number="43" hits="1"/>
              </lines>
            </method>
            <method name="(anonymous_21)" hits="1" signature="()V">
              <lines>
                <line number="44" hits="1"/>
              </lines>
            </method>
            <method name="(anonymous_22)" hits="1" signature="()V">
              <lines>
                <line number="48" hits="1"/>
              </lines>
            </method>
            <method name="(anonymous_23)" hits="1" signature="()V">
              <lines>
                <line number="49" hits="1"/>
              </lines>
            </method>
            <method name="(anonymous_24)" hits="2" signature="()V">
              <lines>
                <line number="49" hits="2"/>
              </lines>
            </method>
            <method name="(anonymous_25)" hits="4" signature="()V">
              <lines>
                <line number="52" hits="4"/>
              </lines>
            </method>
            <method name="(anonymous_26)" hits="0" signature="()V">
              <lines>
                <line number="56" hits="0"/>
              </lines>
            </method>
            <method name="(anonymous_27)" hits="0" signature="()V">
              <lines>
                <line number="61" hits="0"/>
              </lines>
            </method>
            <method name="(anonymous_28)" hits="0" signature="()V">
              <lines>
                <line number="62" hits="0"/>
              </lines>
            </method>
            <method name="(anonymous_29)" hits="5" signature="()V">
              <lines>
                <line number="66" hits="5"/>
              </lines>
            </method>
          </methods>
          <lines>
            <line number="1" hits="3" branch="false"/>
            <line number="8" hits="3" branch="false"/>
            <line number="9" hits="53" branch="false"/>
            <line number="10" hits="53" branch="false"/>
            <line number="12" hits="53" branch="false"/>
            <line number="13" hits="53" branch="false"/>
            <line number="14" hits="53" branch="false"/>
            <line number="16" hits="4" branch="false"/>
            <line number="17" hits="3" branch="false"/>
            <line number="18" hits="2" branch="false"/>
            <line number="21" hits="33" branch="false"/>
            <line number="22" hits="33" branch="false"/>
            <line number="23" hits="33" branch="true" condition-coverage="100% (1/1)"/>
            <line number="24" hits="7" branch="false"/>
            <line number="25" hits="10" branch="true" condition-coverage="100% (2/2)"/>
            <line number="28" hits="26" branch="false"/>
            <line number="30" hits="33" branch="false"/>
            <line number="34" hits="2" branch="false"/>
            <line number="35" hits="2" branch="true" condition-coverage="50% (1/2)"/>
            <line number="40" hits="2" branch="false"/>
            <line number="41" hits="2" branch="false"/>
            <line number="42" hits="2" branch="true" condition-coverage="0% (0/1)"/>
            <line number="43" hits="2" branch="true" condition-coverage="100% (1/1)"/>
            <line number="44" hits="1" branch="true" condition-coverage="50% (1/2)"/>
            <line number="49" hits="2" branch="false"/>
            <line number="53" hits="4" branch="false"/>
            <line number="57" hits="0" branch="true" condition-coverage="0% (0/1)"/>
            <line number="58" hits="0" branch="false"/>
            <line number="59" hits="0" branch="false"/>
            <line number="61" hits="0" branch="false"/>
            <line number="62" hits="0" branch="true" condition-coverage="0% (0/2)"/>
            <line number="67" hits="5" branch="false"/>
          </lines>
        </class>
        <class name="dropdown-manager.service.ts" filename="src/app/services/dropdown-manager.service.ts" line-rate="1" branch-rate="1">
          <methods>
            <method name="(anonymous_0)" hits="46" signature="()V">
              <lines>
                <line number="7" hits="46"/>
              </lines>
            </method>
            <method name="(anonymous_1)" hits="14" signature="()V">
              <lines>
                <line number="12" hits="14"/>
              </lines>
            </method>
          </methods>
          <lines>
            <line number="1" hits="3" branch="false"/>
            <line number="2" hits="3" branch="false"/>
            <line number="7" hits="3" branch="false"/>
            <line number="8" hits="46" branch="false"/>
            <line number="10" hits="46" branch="false"/>
            <line number="13" hits="14" branch="false"/>
          </lines>
        </class>
        <class name="language.service.ts" filename="src/app/services/language.service.ts" line-rate="0" branch-rate="0">
          <methods>
            <method name="(anonymous_0)" hits="0" signature="()V">
              <lines>
                <line number="21" hits="0"/>
              </lines>
            </method>
            <method name="(anonymous_1)" hits="0" signature="()V">
              <lines>
                <line number="28" hits="0"/>
              </lines>
            </method>
            <method name="(anonymous_2)" hits="0" signature="()V">
              <lines>
                <line number="39" hits="0"/>
              </lines>
            </method>
            <method name="(anonymous_3)" hits="0" signature="()V">
              <lines>
                <line number="51" hits="0"/>
              </lines>
            </method>
            <method name="(anonymous_4)" hits="0" signature="()V">
              <lines>
                <line number="74" hits="0"/>
              </lines>
            </method>
            <method name="(anonymous_5)" hits="0" signature="()V">
              <lines>
                <line number="81" hits="0"/>
              </lines>
            </method>
            <method name="(anonymous_6)" hits="0" signature="()V">
              <lines>
                <line number="88" hits="0"/>
              </lines>
            </method>
            <method name="(anonymous_7)" hits="0" signature="()V">
              <lines>
                <line number="95" hits="0"/>
              </lines>
            </method>
            <method name="(anonymous_8)" hits="0" signature="()V">
              <lines>
                <line number="104" hits="0"/>
              </lines>
            </method>
          </methods>
          <lines>
            <line number="1" hits="0" branch="false"/>
            <line number="2" hits="0" branch="false"/>
            <line number="3" hits="0" branch="false"/>
            <line number="12" hits="0" branch="false"/>
            <line number="13" hits="0" branch="false"/>
            <line number="14" hits="0" branch="false"/>
            <line number="15" hits="0" branch="false"/>
            <line number="17" hits="0" branch="false"/>
            <line number="21" hits="0" branch="false"/>
            <line number="22" hits="0" branch="false"/>
            <line number="29" hits="0" branch="false"/>
            <line number="30" hits="0" branch="true" condition-coverage="0% (0/3)"/>
            <line number="31" hits="0" branch="false"/>
            <line number="33" hits="0" branch="false"/>
            <line number="40" hits="0" branch="false"/>
            <line number="41" hits="0" branch="false"/>
            <line number="42" hits="0" branch="false"/>
            <line number="52" hits="0" branch="true" condition-coverage="0% (0/1)"/>
            <line number="53" hits="0" branch="false"/>
            <line number="56" hits="0" branch="false"/>
            <line number="57" hits="0" branch="false"/>
            <line number="58" hits="0" branch="false"/>
            <line number="59" hits="0" branch="false"/>
            <line number="62" hits="0" branch="true" condition-coverage="0% (0/2)"/>
            <line number="63" hits="0" branch="false"/>
            <line number="64" hits="0" branch="false"/>
            <line number="66" hits="0" branch="false"/>
            <line number="67" hits="0" branch="false"/>
            <line number="75" hits="0" branch="false"/>
            <line number="82" hits="0" branch="false"/>
            <line number="89" hits="0" branch="false"/>
            <line number="97" hits="0" branch="true" condition-coverage="0% (0/2)"/>
            <line number="98" hits="0" branch="false"/>
            <line number="105" hits="0" branch="true" condition-coverage="0% (0/2)"/>
          </lines>
        </class>
        <class name="realtime.service.ts" filename="src/app/services/realtime.service.ts" line-rate="0.8548" branch-rate="0.7585999999999999">
          <methods>
            <method name="(anonymous_0)" hits="13" signature="()V">
              <lines>
                <line number="5" hits="13"/>
              </lines>
            </method>
            <method name="(anonymous_1)" hits="13" signature="()V">
              <lines>
                <line number="14" hits="13"/>
              </lines>
            </method>
            <method name="(anonymous_2)" hits="6" signature="()V">
              <lines>
                <line number="27" hits="6"/>
              </lines>
            </method>
            <method name="(anonymous_3)" hits="7" signature="()V">
              <lines>
                <line number="36" hits="7"/>
              </lines>
            </method>
            <method name="(anonymous_4)" hits="0" signature="()V">
              <lines>
                <line number="53" hits="0"/>
              </lines>
            </method>
            <method name="(anonymous_5)" hits="0" signature="()V">
              <lines>
                <line number="58" hits="0"/>
              </lines>
            </method>
            <method name="(anonymous_6)" hits="1" signature="()V">
              <lines>
                <line number="61" hits="1"/>
              </lines>
            </method>
            <method name="(anonymous_7)" hits="5" signature="()V">
              <lines>
                <line number="67" hits="5"/>
              </lines>
            </method>
            <method name="(anonymous_8)" hits="1" signature="()V">
              <lines>
                <line number="71" hits="1"/>
              </lines>
            </method>
            <method name="(anonymous_9)" hits="3" signature="()V">
              <lines>
                <line number="83" hits="3"/>
              </lines>
            </method>
            <method name="(anonymous_10)" hits="1" signature="()V">
              <lines>
                <line number="87" hits="1"/>
              </lines>
            </method>
            <method name="(anonymous_11)" hits="2" signature="()V">
              <lines>
                <line number="98" hits="2"/>
              </lines>
            </method>
            <method name="(anonymous_12)" hits="14" signature="()V">
              <lines>
                <line number="113" hits="14"/>
              </lines>
            </method>
            <method name="(anonymous_13)" hits="6" signature="()V">
              <lines>
                <line number="132" hits="6"/>
              </lines>
            </method>
            <method name="(anonymous_14)" hits="0" signature="()V">
              <lines>
                <line number="133" hits="0"/>
              </lines>
            </method>
            <method name="(anonymous_15)" hits="0" signature="()V">
              <lines>
                <line number="145" hits="0"/>
              </lines>
            </method>
          </methods>
          <lines>
            <line number="1" hits="1" branch="false"/>
            <line number="2" hits="1" branch="false"/>
            <line number="5" hits="1" branch="false"/>
            <line number="6" hits="13" branch="false"/>
            <line number="7" hits="13" branch="false"/>
            <line number="8" hits="13" branch="false"/>
            <line number="9" hits="13" branch="false"/>
            <line number="12" hits="13" branch="false"/>
            <line number="15" hits="13" branch="true" condition-coverage="100% (1/1)"/>
            <line number="17" hits="12" branch="true" condition-coverage="50% (1/2)"/>
            <line number="21" hits="12" branch="true" condition-coverage="0% (0/1)"/>
            <line number="23" hits="12" branch="false"/>
            <line number="25" hits="12" branch="false"/>
            <line number="27" hits="12" branch="false"/>
            <line number="28" hits="6" branch="false"/>
            <line number="29" hits="6" branch="false"/>
            <line number="31" hits="6" branch="false"/>
            <line number="32" hits="6" branch="false"/>
            <line number="36" hits="12" branch="false"/>
            <line number="37" hits="7" branch="false"/>
            <line number="38" hits="7" branch="false"/>
            <line number="39" hits="6" branch="true" condition-coverage="100% (4/4)"/>
            <line number="41" hits="5" branch="true" condition-coverage="66.66666666666666% (2/3)"/>
            <line number="42" hits="5" branch="false"/>
            <line number="43" hits="5" branch="false"/>
            <line number="44" hits="5" branch="true" condition-coverage="100% (3/3)"/>
            <line number="45" hits="2" branch="false"/>
            <line number="49" hits="1" branch="false"/>
            <line number="53" hits="12" branch="false"/>
            <line number="54" hits="0" branch="false"/>
            <line number="55" hits="0" branch="false"/>
            <line number="56" hits="0" branch="false"/>
            <line number="58" hits="0" branch="false"/>
            <line number="61" hits="12" branch="false"/>
            <line number="62" hits="1" branch="false"/>
            <line number="68" hits="5" branch="false"/>
            <line number="69" hits="5" branch="false"/>
            <line number="71" hits="5" branch="false"/>
            <line number="72" hits="1" branch="true" condition-coverage="100% (3/3)"/>
            <line number="73" hits="1" branch="false"/>
            <line number="77" hits="5" branch="true" condition-coverage="100% (1/1)"/>
            <line number="78" hits="5" branch="false"/>
            <line number="84" hits="3" branch="false"/>
            <line number="85" hits="3" branch="false"/>
            <line number="87" hits="3" branch="false"/>
            <line number="88" hits="1" branch="true" condition-coverage="100% (3/3)"/>
            <line number="89" hits="1" branch="false"/>
            <line number="93" hits="3" branch="true" condition-coverage="100% (1/1)"/>
            <line number="94" hits="3" branch="false"/>
            <line number="99" hits="2" branch="true" condition-coverage="100% (2/2)"/>
            <line number="100" hits="2" branch="false"/>
            <line number="102" hits="2" branch="true" condition-coverage="100% (1/1)"/>
            <line number="103" hits="2" branch="false"/>
            <line number="110" hits="2" branch="false"/>
            <line number="114" hits="14" branch="true" condition-coverage="0% (0/1)"/>
            <line number="115" hits="14" branch="false"/>
            <line number="133" hits="6" branch="false"/>
            <line number="134" hits="0" branch="true" condition-coverage="0% (0/1)"/>
            <line number="135" hits="0" branch="false"/>
            <line number="146" hits="0" branch="true" condition-coverage="0% (0/1)"/>
            <line number="147" hits="0" branch="false"/>
            <line number="148" hits="0" branch="false"/>
          </lines>
        </class>
        <class name="seo.service.ts" filename="src/app/services/seo.service.ts" line-rate="1" branch-rate="1">
          <methods>
            <method name="(anonymous_0)" hits="23" signature="()V">
              <lines>
                <line number="14" hits="23"/>
              </lines>
            </method>
            <method name="(anonymous_1)" hits="25" signature="()V">
              <lines>
                <line number="18" hits="25"/>
              </lines>
            </method>
            <method name="(anonymous_2)" hits="2" signature="()V">
              <lines>
                <line number="59" hits="2"/>
              </lines>
            </method>
            <method name="(anonymous_3)" hits="1" signature="()V">
              <lines>
                <line number="70" hits="1"/>
              </lines>
            </method>
            <method name="(anonymous_4)" hits="1" signature="()V">
              <lines>
                <line number="78" hits="1"/>
              </lines>
            </method>
          </methods>
          <lines>
            <line number="1" hits="1" branch="false"/>
            <line number="2" hits="1" branch="false"/>
            <line number="7" hits="1" branch="false"/>
            <line number="8" hits="1" branch="false"/>
            <line number="9" hits="1" branch="false"/>
            <line number="10" hits="1" branch="false"/>
            <line number="11" hits="1" branch="false"/>
            <line number="14" hits="1" branch="false"/>
            <line number="15" hits="23" branch="false"/>
            <line number="16" hits="23" branch="false"/>
            <line number="19" hits="25" branch="true" condition-coverage="100% (2/2)"/>
            <line number="20" hits="25" branch="true" condition-coverage="100% (2/2)"/>
            <line number="21" hits="25" branch="true" condition-coverage="100% (2/2)"/>
            <line number="22" hits="25" branch="true" condition-coverage="100% (2/2)"/>
            <line number="23" hits="25" branch="true" condition-coverage="100% (2/2)"/>
            <line number="24" hits="25" branch="true" condition-coverage="100% (2/2)"/>
            <line number="26" hits="25" branch="false"/>
            <line number="28" hits="25" branch="false"/>
            <line number="29" hits="25" branch="false"/>
            <line number="30" hits="25" branch="false"/>
            <line number="31" hits="25" branch="false"/>
            <line number="32" hits="25" branch="false"/>
            <line number="33" hits="25" branch="false"/>
            <line number="34" hits="25" branch="false"/>
            <line number="35" hits="25" branch="false"/>
            <line number="36" hits="25" branch="false"/>
            <line number="37" hits="25" branch="false"/>
            <line number="38" hits="25" branch="false"/>
            <line number="39" hits="25" branch="false"/>
            <line number="40" hits="25" branch="false"/>
            <line number="42" hits="25" branch="true" condition-coverage="100% (2/2)"/>
            <line number="43" hits="2" branch="false"/>
            <line number="45" hits="23" branch="false"/>
            <line number="48" hits="25" branch="true" condition-coverage="100% (1/1)"/>
            <line number="49" hits="5" branch="false"/>
            <line number="50" hits="5" branch="true" condition-coverage="100% (1/1)"/>
            <line number="51" hits="2" branch="false"/>
            <line number="52" hits="2" branch="false"/>
            <line number="53" hits="2" branch="false"/>
            <line number="55" hits="5" branch="false"/>
            <line number="60" hits="2" branch="false"/>
            <line number="71" hits="1" branch="false"/>
            <line number="79" hits="1" branch="false"/>
          </lines>
        </class>
        <class name="theme.service.ts" filename="src/app/services/theme.service.ts" line-rate="1" branch-rate="1">
          <methods>
            <method name="(anonymous_0)" hits="22" signature="()V">
              <lines>
                <line number="9" hits="22"/>
              </lines>
            </method>
            <method name="(anonymous_1)" hits="24" signature="()V">
              <lines>
                <line number="7" hits="24"/>
              </lines>
            </method>
            <method name="(anonymous_2)" hits="22" signature="()V">
              <lines>
                <line number="11" hits="22"/>
              </lines>
            </method>
            <method name="(anonymous_3)" hits="6" signature="()V">
              <lines>
                <line number="25" hits="6"/>
              </lines>
            </method>
            <method name="(anonymous_4)" hits="6" signature="()V">
              <lines>
                <line number="26" hits="6"/>
              </lines>
            </method>
            <method name="(anonymous_5)" hits="22" signature="()V">
              <lines>
                <line number="29" hits="22"/>
              </lines>
            </method>
          </methods>
          <lines>
            <line number="1" hits="2" branch="false"/>
            <line number="4" hits="2" branch="false"/>
            <line number="5" hits="22" branch="false"/>
            <line number="7" hits="24" branch="false"/>
            <line number="11" hits="22" branch="false"/>
            <line number="12" hits="22" branch="false"/>
            <line number="13" hits="22" branch="false"/>
            <line number="14" hits="22" branch="true" condition-coverage="100% (2/2)"/>
            <line number="15" hits="20" branch="false"/>
            <line number="16" hits="20" branch="false"/>
            <line number="18" hits="2" branch="false"/>
            <line number="19" hits="2" branch="false"/>
            <line number="21" hits="22" branch="true" condition-coverage="100% (2/2)"/>
            <line number="26" hits="6" branch="false"/>
            <line number="30" hits="22" branch="false"/>
            <line number="31" hits="22" branch="false"/>
            <line number="32" hits="22" branch="true" condition-coverage="100% (1/1)"/>
            <line number="34" hits="16" branch="false"/>
          </lines>
        </class>
        <class name="toast.service.ts" filename="src/app/services/toast.service.ts" line-rate="1" branch-rate="1">
          <methods>
            <method name="(anonymous_0)" hits="65" signature="()V">
              <lines>
                <line number="8" hits="65"/>
              </lines>
            </method>
            <method name="(anonymous_1)" hits="15" signature="()V">
              <lines>
                <line number="12" hits="15"/>
              </lines>
            </method>
            <method name="(anonymous_2)" hits="9" signature="()V">
              <lines>
                <line number="16" hits="9"/>
              </lines>
            </method>
            <method name="(anonymous_3)" hits="4" signature="()V">
              <lines>
                <line number="20" hits="4"/>
              </lines>
            </method>
            <method name="(anonymous_4)" hits="4" signature="()V">
              <lines>
                <line number="24" hits="4"/>
              </lines>
            </method>
            <method name="(anonymous_5)" hits="3" signature="()V">
              <lines>
                <line number="28" hits="3"/>
              </lines>
            </method>
            <method name="(anonymous_6)" hits="3" signature="()V">
              <lines>
                <line number="29" hits="3"/>
              </lines>
            </method>
            <method name="(anonymous_7)" hits="4" signature="()V">
              <lines>
                <line number="29" hits="4"/>
              </lines>
            </method>
            <method name="(anonymous_8)" hits="32" signature="()V">
              <lines>
                <line number="32" hits="32"/>
              </lines>
            </method>
            <method name="(anonymous_9)" hits="32" signature="()V">
              <lines>
                <line number="34" hits="32"/>
              </lines>
            </method>
            <method name="(anonymous_10)" hits="1" signature="()V">
              <lines>
                <line number="35" hits="1"/>
              </lines>
            </method>
          </methods>
          <lines>
            <line number="1" hits="4" branch="false"/>
            <line number="8" hits="4" branch="false"/>
            <line number="9" hits="65" branch="false"/>
            <line number="10" hits="65" branch="false"/>
            <line number="13" hits="15" branch="false"/>
            <line number="17" hits="9" branch="false"/>
            <line number="21" hits="4" branch="false"/>
            <line number="25" hits="4" branch="false"/>
            <line number="29" hits="4" branch="false"/>
            <line number="33" hits="32" branch="false"/>
            <line number="34" hits="32" branch="false"/>
            <line number="35" hits="32" branch="false"/>
          </lines>
        </class>
      </classes>
    </package>
  </packages>
</coverage>
