<?xml version="1.0" encoding="utf-8"?>
<coverage version="1.9" timestamp="639181977753421280" lines-valid="250" lines-covered="205" line-rate="0.8215" branches-covered="0" branches-valid="0" branch-rate="0" complexity="0">
  <packages>
    <package name="NaarNoor.API" line-rate="0.8215" branch-rate="0" complexity="0">
      <classes>
        <class name="NaarNoor.API.Entity1" line-rate="0.82152" branch-rate="0" complexity="0">
          <methods/>
          <lines>
            <line number="1" hits="1"/>
            <line number="2" hits="1"/>
            <line number="3" hits="1"/>
            <line number="4" hits="0"/>
          </lines>
        </class>
        <class name="NaarNoor.API.Entity2" line-rate="0.7715" branch-rate="0" complexity="0">
          <methods/>
          <lines>
            <line number="1" hits="1"/>
            <line number="2" hits="0"/>
            <line number="3" hits="0"/>
          </lines>
        </class>
      </classes>
    </package>
  </packages>
</coverage>
