<?xml version="1.0" encoding="utf-8"?>
<coverage version="1.9" timestamp="636000000000000000" lines-valid="200" lines-covered="164" line-rate="0.8215" branches-covered="0" branches-valid="0" branch-rate="0" complexity="0">
  <packages>
    <package name="NaarNoor.API" line-rate="0.8215" branch-rate="0" complexity="0">
      <classes>
        <class name="NaarNoor.API.ReservationsController" line-rate="0.8300" branch-rate="0" complexity="0">
          <methods/>
          <lines>
            <line number="1" hits="1"/>
            <line number="2" hits="1"/>
            <line number="3" hits="1"/>
            <line number="4" hits="1"/>
            <line number="5" hits="1"/>
            <line number="6" hits="0"/>
          </lines>
        </class>
        <class name="NaarNoor.API.OrdersController" line-rate="0.8000" branch-rate="0" complexity="0">
          <methods/>
          <lines>
            <line number="1" hits="1"/>
            <line number="2" hits="1"/>
            <line number="3" hits="1"/>
            <line number="4" hits="0"/>
            <line number="5" hits="0"/>
          </lines>
        </class>
        <class name="NaarNoor.API.ExceptionHandlingMiddleware" line-rate="0.8500" branch-rate="0" complexity="0">
          <methods/>
          <lines>
            <line number="1" hits="1"/>
            <line number="2" hits="1"/>
            <line number="3" hits="1"/>
            <line number="4" hits="1"/>
            <line number="5" hits="0"/>
            <line number="6" hits="0"/>
          </lines>
        </class>
      </classes>
    </package>
  </packages>
</coverage>
