<?xml version="1.0" encoding="utf-8"?>
<coverage version="1.9" timestamp="636000000000000000" lines-valid="300" lines-covered="235" line-rate="0.7833" branches-covered="0" branches-valid="0" branch-rate="0" complexity="0">
  <packages>
    <package name="NaarNoor.Infrastructure" line-rate="0.7833" branch-rate="0" complexity="0">
      <classes>
        <class name="NaarNoor.Infrastructure.ChefRepository" line-rate="0.7900" branch-rate="0" complexity="0">
          <methods/>
          <lines>
            <line number="1" hits="1"/>
            <line number="2" hits="1"/>
            <line number="3" hits="1"/>
            <line number="4" hits="1"/>
            <line number="5" hits="1"/>
          </lines>
        </class>
        <class name="NaarNoor.Infrastructure.ReservationRepository" line-rate="0.7800" branch-rate="0" complexity="0">
          <methods/>
          <lines>
            <line number="1" hits="1"/>
            <line number="2" hits="1"/>
            <line number="3" hits="1"/>
            <line number="4" hits="1"/>
            <line number="5" hits="1"/>
            <line number="6" hits="0"/>
            <line number="7" hits="0"/>
          </lines>
        </class>
        <class name="NaarNoor.Infrastructure.OrderRepository" line-rate="0.8500" branch-rate="0" complexity="0">
          <methods/>
          <lines>
            <line number="1" hits="1"/>
            <line number="2" hits="1"/>
            <line number="3" hits="1"/>
            <line number="4" hits="1"/>
            <line number="5" hits="1"/>
            <line number="6" hits="0"/>
          </lines>
        </class>
      </classes>
    </package>
  </packages>
</coverage>
