<?xml version="1.0" encoding="utf-8"?>
<coverage version="1.9" timestamp="636000000000000000" lines-valid="250" lines-covered="221" line-rate="0.8850" branches-covered="0" branches-valid="0" branch-rate="0" complexity="0">
  <packages>
    <package name="NaarNoor.Domain" line-rate="0.8850" branch-rate="0" complexity="0">
      <classes>
        <class name="NaarNoor.Domain.Chef" line-rate="0.9200" branch-rate="0" complexity="0">
          <methods/>
          <lines>
            <line number="1" hits="1"/>
            <line number="2" hits="1"/>
            <line number="3" hits="1"/>
            <line number="4" hits="1"/>
            <line number="5" hits="0"/>
          </lines>
        </class>
        <class name="NaarNoor.Domain.Reservation" line-rate="0.8800" branch-rate="0" complexity="0">
          <methods/>
          <lines>
            <line number="1" hits="1"/>
            <line number="2" hits="1"/>
            <line number="3" hits="0"/>
          </lines>
        </class>
        <class name="NaarNoor.Domain.MenuItem" line-rate="0.7500" branch-rate="0" complexity="0">
          <methods/>
          <lines>
            <line number="1" hits="1"/>
            <line number="2" hits="0"/>
            <line number="3" hits="0"/>
            <line number="4" hits="0"/>
          </lines>
        </class>
      </classes>
    </package>
  </packages>
</coverage>
